Already up to date.
On branch master
Your branch is up to date with 'origin/master'.

Untracked files:
  (use "git add <file>..." to include in what will be committed)
	slurm-5017577.out
	slurm-5017581.out
	slurm-5017583.out

nothing added to commit but untracked files present (use "git add" to track)
srun: Job 5017583 step creation temporarily disabled, retrying (Requested nodes are busy)
srun: Job 5017583 step creation still disabled, retrying (Requested nodes are busy)
srun: Job 5017583 step creation still disabled, retrying (Requested nodes are busy)
srun: Job 5017583 step creation still disabled, retrying (Requested nodes are busy)
srun: Job 5017583 step creation still disabled, retrying (Requested nodes are busy)
srun: Job 5017583 step creation still disabled, retrying (Requested nodes are busy)
srun: Job 5017583 step creation still disabled, retrying (Requested nodes are busy)
srun: Job 5017583 step creation still disabled, retrying (Requested nodes are busy)
srun: Job 5017583 step creation still disabled, retrying (Requested nodes are busy)
srun: Job 5017583 step creation still disabled, retrying (Requested nodes are busy)
srun: Job step aborted: Waiting up to 32 seconds for job step to finish.
slurmstepd: error: *** STEP 5017583.0 ON u20-computeibmgpu-vesta16 CANCELLED AT 2023-09-08T23:25:45 ***
srun: error: Unable to create step for job 5017583: Job/step already completing or completed
slurmstepd: error: *** JOB 5017583 ON u20-computeibmgpu-vesta16 CANCELLED AT 2023-09-08T23:25:45 ***
