2023-04-02 19:55:16.273130: I tensorflow/core/platform/cpu_feature_guard.cc:193] This TensorFlow binary is optimized with oneAPI Deep Neural Network Library (oneDNN) to use the following CPU instructions in performance-critical operations:  AVX2 AVX512F FMA
To enable them in other operations, rebuild TensorFlow with the appropriate compiler flags.
2023-04-02 19:55:17.111787: W tensorflow/compiler/xla/stream_executor/platform/default/dso_loader.cc:64] Could not load dynamic library 'libcudart.so.11.0'; dlerror: libcudart.so.11.0: cannot open shared object file: No such file or directory; LD_LIBRARY_PATH: /cluster/munge-0.5.14/lib:/cluster/slurm-20-11-8-1/lib:/cluster/pmix-4.1.2/lib:/cluster/libevent-2.1.12/lib
2023-04-02 19:55:17.112942: I tensorflow/compiler/xla/stream_executor/cuda/cudart_stub.cc:29] Ignore above cudart dlerror if you do not have a GPU set up on your machine.
2023-04-02 19:55:40.256422: W tensorflow/compiler/xla/stream_executor/platform/default/dso_loader.cc:64] Could not load dynamic library 'libnvinfer.so.7'; dlerror: libnvinfer.so.7: cannot open shared object file: No such file or directory; LD_LIBRARY_PATH: /cluster/munge-0.5.14/lib:/cluster/slurm-20-11-8-1/lib:/cluster/pmix-4.1.2/lib:/cluster/libevent-2.1.12/lib
2023-04-02 19:55:40.288469: W tensorflow/compiler/xla/stream_executor/platform/default/dso_loader.cc:64] Could not load dynamic library 'libnvinfer_plugin.so.7'; dlerror: libnvinfer_plugin.so.7: cannot open shared object file: No such file or directory; LD_LIBRARY_PATH: /cluster/munge-0.5.14/lib:/cluster/slurm-20-11-8-1/lib:/cluster/pmix-4.1.2/lib:/cluster/libevent-2.1.12/lib
2023-04-02 19:55:40.289601: W tensorflow/compiler/tf2tensorrt/utils/py_utils.cc:38] TF-TRT Warning: Cannot dlopen some TensorRT libraries. If you would like to use Nvidia GPU with TensorRT, please make sure the missing libraries mentioned above are installed properly.
2023-04-02 19:56:57.021799: W tensorflow/compiler/xla/stream_executor/platform/default/dso_loader.cc:64] Could not load dynamic library 'libcudart.so.11.0'; dlerror: libcudart.so.11.0: cannot open shared object file: No such file or directory; LD_LIBRARY_PATH: /cluster/munge-0.5.14/lib:/cluster/slurm-20-11-8-1/lib:/cluster/pmix-4.1.2/lib:/cluster/libevent-2.1.12/lib
2023-04-02 19:56:57.097927: W tensorflow/compiler/xla/stream_executor/platform/default/dso_loader.cc:64] Could not load dynamic library 'libcublas.so.11'; dlerror: libcublas.so.11: cannot open shared object file: No such file or directory; LD_LIBRARY_PATH: /cluster/munge-0.5.14/lib:/cluster/slurm-20-11-8-1/lib:/cluster/pmix-4.1.2/lib:/cluster/libevent-2.1.12/lib
2023-04-02 19:56:57.106929: W tensorflow/compiler/xla/stream_executor/platform/default/dso_loader.cc:64] Could not load dynamic library 'libcublasLt.so.11'; dlerror: libcublasLt.so.11: cannot open shared object file: No such file or directory; LD_LIBRARY_PATH: /cluster/munge-0.5.14/lib:/cluster/slurm-20-11-8-1/lib:/cluster/pmix-4.1.2/lib:/cluster/libevent-2.1.12/lib
2023-04-02 19:56:57.114240: W tensorflow/compiler/xla/stream_executor/platform/default/dso_loader.cc:64] Could not load dynamic library 'libcufft.so.10'; dlerror: libcufft.so.10: cannot open shared object file: No such file or directory; LD_LIBRARY_PATH: /cluster/munge-0.5.14/lib:/cluster/slurm-20-11-8-1/lib:/cluster/pmix-4.1.2/lib:/cluster/libevent-2.1.12/lib
2023-04-02 19:56:57.152919: W tensorflow/compiler/xla/stream_executor/platform/default/dso_loader.cc:64] Could not load dynamic library 'libcurand.so.10'; dlerror: libcurand.so.10: cannot open shared object file: No such file or directory; LD_LIBRARY_PATH: /cluster/munge-0.5.14/lib:/cluster/slurm-20-11-8-1/lib:/cluster/pmix-4.1.2/lib:/cluster/libevent-2.1.12/lib
2023-04-02 19:56:57.159528: W tensorflow/compiler/xla/stream_executor/platform/default/dso_loader.cc:64] Could not load dynamic library 'libcusolver.so.11'; dlerror: libcusolver.so.11: cannot open shared object file: No such file or directory; LD_LIBRARY_PATH: /cluster/munge-0.5.14/lib:/cluster/slurm-20-11-8-1/lib:/cluster/pmix-4.1.2/lib:/cluster/libevent-2.1.12/lib
2023-04-02 19:56:57.172063: W tensorflow/compiler/xla/stream_executor/platform/default/dso_loader.cc:64] Could not load dynamic library 'libcusparse.so.11'; dlerror: libcusparse.so.11: cannot open shared object file: No such file or directory; LD_LIBRARY_PATH: /cluster/munge-0.5.14/lib:/cluster/slurm-20-11-8-1/lib:/cluster/pmix-4.1.2/lib:/cluster/libevent-2.1.12/lib
2023-04-02 19:56:57.180614: W tensorflow/compiler/xla/stream_executor/platform/default/dso_loader.cc:64] Could not load dynamic library 'libcudnn.so.8'; dlerror: libcudnn.so.8: cannot open shared object file: No such file or directory; LD_LIBRARY_PATH: /cluster/munge-0.5.14/lib:/cluster/slurm-20-11-8-1/lib:/cluster/pmix-4.1.2/lib:/cluster/libevent-2.1.12/lib
2023-04-02 19:56:57.181725: W tensorflow/core/common_runtime/gpu/gpu_device.cc:1934] Cannot dlopen some GPU libraries. Please make sure the missing libraries mentioned above are installed properly if you would like to use GPU. Follow the guide at https://www.tensorflow.org/install/gpu for how to download and setup the required libraries for your platform.
Skipping registering GPU devices...

NOTE: Using experimental fast data loading logic. To disable, pass
    "--load_fast=false" and report issues on GitHub. More details:
    https://github.com/tensorflow/tensorboard/issues/4784

Serving TensorBoard on localhost; to expose to the network, use a proxy or pass --bind_all
TensorBoard 2.11.2 at http://localhost:6006/ (Press CTRL+C to quit)
slurmstepd: error: *** JOB 668097 ON u20-computeibmgpu-vesta7 CANCELLED AT 2023-04-02T20:17:44 ***
